# JRE version: OpenJDK Runtime Environment (17.0.6) (build 17.0.6+0-b2043.56-9586694)
# Java VM: OpenJDK 64-Bit Server VM (17.0.6+0-b2043.56-9586694, mixed mode, tiered, compressed oops, compressed class ptrs, g1 gc, windows-amd64)
GC Precious Log:
 CPUs: 4 total, 4 available
 Memory: 12128M
 Large Page Support: Disabled
 NUMA Support: Disabled
 Compressed Oops: Enabled (Zero based)
 Heap Region Size: 2M
 Heap Min Capacity: 8M
 Heap Initial Capacity: 190M
 Heap Max Capacity: 3034M
 Pre-touch: Disabled
 Parallel Workers: 4
 Concurrent Workers: 1
 Concurrent Refinement Workers: 4
 Periodic GC: Disabled
Heap:
 garbage-first heap   total 172032K, used 67463K [0x0000000742600000, 0x0000000800000000)
  region size 2048K, 12 young (24576K), 5 survivors (10240K)
 Metaspace       used 59528K, committed 59840K, reserved 1105920K
  class space    used 7022K, committed 7168K, reserved 1048576K
GC Heap History (20 events):
Event: 4.873 GC heap before
{Heap before GC invocations=8 (full 0):
 garbage-first heap   total 67584K, used 32433K [0x0000000742600000, 0x0000000800000000)
  region size 2048K, 6 young (12288K), 2 survivors (4096K)
 Metaspace       used 35763K, committed 35968K, reserved 1081344K
  class space    used 4548K, committed 4608K, reserved 1048576K
}
Event: 4.880 GC heap after
{Heap after GC invocations=9 (full 0):
 garbage-first heap   total 67584K, used 27112K [0x0000000742600000, 0x0000000800000000)
  region size 2048K, 1 young (2048K), 1 survivors (2048K)
 Metaspace       used 35763K, committed 35968K, reserved 1081344K
  class space    used 4548K, committed 4608K, reserved 1048576K
}
Event: 5.596 GC heap before
{Heap before GC invocations=10 (full 0):
 garbage-first heap   total 67584K, used 47592K [0x0000000742600000, 0x0000000800000000)
  region size 2048K, 11 young (22528K), 1 survivors (2048K)
 Metaspace       used 39483K, committed 39680K, reserved 1089536K
  class space    used 4982K, committed 5056K, reserved 1048576K
}
Event: 5.603 GC heap after
{Heap after GC invocations=11 (full 0):
 garbage-first heap   total 67584K, used 27493K [0x0000000742600000, 0x0000000800000000)
  region size 2048K, 2 young (4096K), 2 survivors (4096K)
 Metaspace       used 39483K, committed 39680K, reserved 1089536K
  class space    used 4982K, committed 5056K, reserved 1048576K
}
Event: 6.060 GC heap before
{Heap before GC invocations=12 (full 0):
 garbage-first heap   total 67584K, used 47973K [0x0000000742600000, 0x0000000800000000)
  region size 2048K, 12 young (24576K), 2 survivors (4096K)
 Metaspace       used 43444K, committed 43648K, reserved 1089536K
  class space    used 5321K, committed 5440K, reserved 1048576K
}
Event: 6.071 GC heap after
{Heap after GC invocations=13 (full 0):
 garbage-first heap   total 67584K, used 30170K [0x0000000742600000, 0x0000000800000000)
  region size 2048K, 2 young (4096K), 2 survivors (4096K)
 Metaspace       used 43444K, committed 43648K, reserved 1089536K
  class space    used 5321K, committed 5440K, reserved 1048576K
}
Event: 7.190 GC heap before
{Heap before GC invocations=13 (full 0):
 garbage-first heap   total 67584K, used 48602K [0x0000000742600000, 0x0000000800000000)
  region size 2048K, 11 young (22528K), 2 survivors (4096K)
 Metaspace       used 47378K, committed 47680K, reserved 1097728K
  class space    used 5760K, committed 5888K, reserved 1048576K
}
Event: 7.200 GC heap after
{Heap after GC invocations=14 (full 0):
 garbage-first heap   total 67584K, used 34429K [0x0000000742600000, 0x0000000800000000)
  region size 2048K, 2 young (4096K), 2 survivors (4096K)
 Metaspace       used 47378K, committed 47680K, reserved 1097728K
  class space    used 5760K, committed 5888K, reserved 1048576K
}
Event: 7.817 GC heap before
{Heap before GC invocations=14 (full 0):
 garbage-first heap   total 67584K, used 48765K [0x0000000742600000, 0x0000000800000000)
  region size 2048K, 9 young (18432K), 2 survivors (4096K)
 Metaspace       used 49981K, committed 50240K, reserved 1097728K
  class space    used 6071K, committed 6208K, reserved 1048576K
}
Event: 7.826 GC heap after
{Heap after GC invocations=15 (full 0):
 garbage-first heap   total 67584K, used 36268K [0x0000000742600000, 0x0000000800000000)
  region size 2048K, 1 young (2048K), 1 survivors (2048K)
 Metaspace       used 49981K, committed 50240K, reserved 1097728K
  class space    used 6071K, committed 6208K, reserved 1048576K
}
Event: 8.270 GC heap before
{Heap before GC invocations=16 (full 0):
 garbage-first heap   total 69632K, used 50604K [0x0000000742600000, 0x0000000800000000)
  region size 2048K, 8 young (16384K), 1 survivors (2048K)
 Metaspace       used 51616K, committed 51904K, reserved 1097728K
  class space    used 6282K, committed 6400K, reserved 1048576K
}
Event: 8.283 GC heap after
{Heap after GC invocations=17 (full 0):
 garbage-first heap   total 69632K, used 39539K [0x0000000742600000, 0x0000000800000000)
  region size 2048K, 1 young (2048K), 1 survivors (2048K)
 Metaspace       used 51616K, committed 51904K, reserved 1097728K
  class space    used 6282K, committed 6400K, reserved 1048576K
}
Event: 8.397 GC heap before
{Heap before GC invocations=17 (full 0):
 garbage-first heap   total 69632K, used 51827K [0x0000000742600000, 0x0000000800000000)
  region size 2048K, 7 young (14336K), 1 survivors (2048K)
 Metaspace       used 51664K, committed 51904K, reserved 1097728K
  class space    used 6282K, committed 6400K, reserved 1048576K
}
Event: 8.409 GC heap after
{Heap after GC invocations=18 (full 0):
 garbage-first heap   total 69632K, used 43540K [0x0000000742600000, 0x0000000800000000)
  region size 2048K, 1 young (2048K), 1 survivors (2048K)
 Metaspace       used 51664K, committed 51904K, reserved 1097728K
  class space    used 6282K, committed 6400K, reserved 1048576K
}
Event: 8.564 GC heap before
{Heap before GC invocations=19 (full 0):
 garbage-first heap   total 86016K, used 51732K [0x0000000742600000, 0x0000000800000000)
  region size 2048K, 5 young (10240K), 1 survivors (2048K)
 Metaspace       used 51695K, committed 51968K, reserved 1097728K
  class space    used 6282K, committed 6400K, reserved 1048576K
}
Event: 8.569 GC heap after
{Heap after GC invocations=20 (full 0):
 garbage-first heap   total 86016K, used 43493K [0x0000000742600000, 0x0000000800000000)
  region size 2048K, 1 young (2048K), 1 survivors (2048K)
 Metaspace       used 51695K, committed 51968K, reserved 1097728K
  class space    used 6282K, committed 6400K, reserved 1048576K
}
Event: 8.575 GC heap before
{Heap before GC invocations=20 (full 0):
 garbage-first heap   total 86016K, used 45541K [0x0000000742600000, 0x0000000800000000)
  region size 2048K, 2 young (4096K), 1 survivors (2048K)
 Metaspace       used 51695K, committed 51968K, reserved 1097728K
  class space    used 6282K, committed 6400K, reserved 1048576K
}
Event: 8.589 GC heap after
{Heap after GC invocations=21 (full 0):
 garbage-first heap   total 172032K, used 43956K [0x0000000742600000, 0x0000000800000000)
  region size 2048K, 1 young (2048K), 1 survivors (2048K)
 Metaspace       used 51695K, committed 51968K, reserved 1097728K
  class space    used 6282K, committed 6400K, reserved 1048576K
}
Event: 12.395 GC heap before
{Heap before GC invocations=21 (full 0):
 garbage-first heap   total 172032K, used 117684K [0x0000000742600000, 0x0000000800000000)
  region size 2048K, 37 young (75776K), 1 survivors (2048K)
 Metaspace       used 59422K, committed 59712K, reserved 1105920K
  class space    used 7021K, committed 7168K, reserved 1048576K
}
Event: 12.417 GC heap after
{Heap after GC invocations=22 (full 0):
 garbage-first heap   total 172032K, used 55175K [0x0000000742600000, 0x0000000800000000)
  region size 2048K, 5 young (10240K), 5 survivors (10240K)
 Metaspace       used 59422K, committed 59712K, reserved 1105920K
  class space    used 7021K, committed 7168K, reserved 1048576K
}

