# JRE version: OpenJDK Runtime Environment (17.0.6) (build 17.0.6+0-b2043.56-9586694)
# Java VM: OpenJDK 64-Bit Server VM (17.0.6+0-b2043.56-9586694, mixed mode, tiered, compressed oops, compressed class ptrs, g1 gc, windows-amd64)
GC Precious Log:
 CPUs: 4 total, 4 available
 Memory: 12128M
 Large Page Support: Disabled
 NUMA Support: Disabled
 Compressed Oops: Enabled (32-bit)
 Heap Region Size: 1M
 Heap Min Capacity: 8M
 Heap Initial Capacity: 190M
 Heap Max Capacity: 2G
 Pre-touch: Disabled
 Parallel Workers: 4
 Concurrent Workers: 1
 Concurrent Refinement Workers: 4
 Periodic GC: Disabled
Heap:
 garbage-first heap   total 107520K, used 55794K [0x0000000080000000, 0x0000000100000000)
  region size 1024K, 6 young (6144K), 3 survivors (3072K)
 Metaspace       used 54584K, committed 55168K, reserved 1097728K
  class space    used 7293K, committed 7552K, reserved 1048576K
GC Heap History (20 events):
Event: 4.719 GC heap after
{Heap after GC invocations=7 (full 0):
 garbage-first heap   total 68608K, used 21065K [0x0000000080000000, 0x0000000100000000)
  region size 1024K, 4 young (4096K), 4 survivors (4096K)
 Metaspace       used 31452K, committed 31744K, reserved 1081344K
  class space    used 4109K, committed 4224K, reserved 1048576K
}
Event: 5.369 GC heap before
{Heap before GC invocations=7 (full 0):
 garbage-first heap   total 68608K, used 48713K [0x0000000080000000, 0x0000000100000000)
  region size 1024K, 31 young (31744K), 4 survivors (4096K)
 Metaspace       used 35806K, committed 36096K, reserved 1081344K
  class space    used 4791K, committed 4928K, reserved 1048576K
}
Event: 5.375 GC heap after
{Heap after GC invocations=8 (full 0):
 garbage-first heap   total 68608K, used 22583K [0x0000000080000000, 0x0000000100000000)
  region size 1024K, 3 young (3072K), 3 survivors (3072K)
 Metaspace       used 35806K, committed 36096K, reserved 1081344K
  class space    used 4791K, committed 4928K, reserved 1048576K
}
Event: 5.385 GC heap before
{Heap before GC invocations=8 (full 0):
 garbage-first heap   total 68608K, used 22583K [0x0000000080000000, 0x0000000100000000)
  region size 1024K, 4 young (4096K), 3 survivors (3072K)
 Metaspace       used 35858K, committed 36096K, reserved 1081344K
  class space    used 4796K, committed 4928K, reserved 1048576K
}
Event: 5.389 GC heap after
{Heap after GC invocations=9 (full 0):
 garbage-first heap   total 68608K, used 22559K [0x0000000080000000, 0x0000000100000000)
  region size 1024K, 2 young (2048K), 2 survivors (2048K)
 Metaspace       used 35858K, committed 36096K, reserved 1081344K
  class space    used 4796K, committed 4928K, reserved 1048576K
}
Event: 6.111 GC heap before
{Heap before GC invocations=10 (full 0):
 garbage-first heap   total 68608K, used 50207K [0x0000000080000000, 0x0000000100000000)
  region size 1024K, 30 young (30720K), 2 survivors (2048K)
 Metaspace       used 40685K, committed 41024K, reserved 1089536K
  class space    used 5444K, committed 5568K, reserved 1048576K
}
Event: 6.118 GC heap after
{Heap after GC invocations=11 (full 0):
 garbage-first heap   total 68608K, used 24445K [0x0000000080000000, 0x0000000100000000)
  region size 1024K, 4 young (4096K), 4 survivors (4096K)
 Metaspace       used 40685K, committed 41024K, reserved 1089536K
  class space    used 5444K, committed 5568K, reserved 1048576K
}
Event: 6.722 GC heap before
{Heap before GC invocations=11 (full 0):
 garbage-first heap   total 68608K, used 51069K [0x0000000080000000, 0x0000000100000000)
  region size 1024K, 31 young (31744K), 4 survivors (4096K)
 Metaspace       used 44802K, committed 45120K, reserved 1089536K
  class space    used 5859K, committed 6016K, reserved 1048576K
}
Event: 6.733 GC heap after
{Heap after GC invocations=12 (full 0):
 garbage-first heap   total 68608K, used 28275K [0x0000000080000000, 0x0000000100000000)
  region size 1024K, 4 young (4096K), 4 survivors (4096K)
 Metaspace       used 44802K, committed 45120K, reserved 1089536K
  class space    used 5859K, committed 6016K, reserved 1048576K
}
Event: 7.566 GC heap before
{Heap before GC invocations=12 (full 0):
 garbage-first heap   total 68608K, used 55923K [0x0000000080000000, 0x0000000100000000)
  region size 1024K, 28 young (28672K), 4 survivors (4096K)
 Metaspace       used 47162K, committed 47488K, reserved 1097728K
  class space    used 6229K, committed 6400K, reserved 1048576K
}
Event: 7.573 GC heap after
{Heap after GC invocations=13 (full 0):
 garbage-first heap   total 68608K, used 36734K [0x0000000080000000, 0x0000000100000000)
  region size 1024K, 4 young (4096K), 4 survivors (4096K)
 Metaspace       used 47162K, committed 47488K, reserved 1097728K
  class space    used 6229K, committed 6400K, reserved 1048576K
}
Event: 8.119 GC heap before
{Heap before GC invocations=13 (full 0):
 garbage-first heap   total 68608K, used 53118K [0x0000000080000000, 0x0000000100000000)
  region size 1024K, 20 young (20480K), 4 survivors (4096K)
 Metaspace       used 48716K, committed 49088K, reserved 1097728K
  class space    used 6458K, committed 6656K, reserved 1048576K
}
Event: 8.128 GC heap after
{Heap after GC invocations=14 (full 0):
 garbage-first heap   total 68608K, used 38112K [0x0000000080000000, 0x0000000100000000)
  region size 1024K, 2 young (2048K), 2 survivors (2048K)
 Metaspace       used 48716K, committed 49088K, reserved 1097728K
  class space    used 6458K, committed 6656K, reserved 1048576K
}
Event: 8.245 GC heap before
{Heap before GC invocations=15 (full 0):
 garbage-first heap   total 76800K, used 44256K [0x0000000080000000, 0x0000000100000000)
  region size 1024K, 6 young (6144K), 2 survivors (2048K)
 Metaspace       used 48832K, committed 49280K, reserved 1097728K
  class space    used 6474K, committed 6656K, reserved 1048576K
}
Event: 8.250 GC heap after
{Heap after GC invocations=16 (full 0):
 garbage-first heap   total 76800K, used 44692K [0x0000000080000000, 0x0000000100000000)
  region size 1024K, 3 young (3072K), 3 survivors (3072K)
 Metaspace       used 48832K, committed 49280K, reserved 1097728K
  class space    used 6474K, committed 6656K, reserved 1048576K
}
Event: 8.564 GC heap before
{Heap before GC invocations=17 (full 0):
 garbage-first heap   total 89088K, used 60052K [0x0000000080000000, 0x0000000100000000)
  region size 1024K, 17 young (17408K), 3 survivors (3072K)
 Metaspace       used 49724K, committed 50240K, reserved 1097728K
  class space    used 6606K, committed 6848K, reserved 1048576K
}
Event: 8.573 GC heap after
{Heap after GC invocations=18 (full 0):
 garbage-first heap   total 89088K, used 48512K [0x0000000080000000, 0x0000000100000000)
  region size 1024K, 3 young (3072K), 3 survivors (3072K)
 Metaspace       used 49724K, committed 50240K, reserved 1097728K
  class space    used 6606K, committed 6848K, reserved 1048576K
}
Event: 9.142 GC heap before
{Heap before GC invocations=18 (full 0):
 garbage-first heap   total 89088K, used 66944K [0x0000000080000000, 0x0000000100000000)
  region size 1024K, 21 young (21504K), 3 survivors (3072K)
 Metaspace       used 52348K, committed 52800K, reserved 1097728K
  class space    used 6944K, committed 7168K, reserved 1048576K
}
Event: 9.149 GC heap after
{Heap after GC invocations=19 (full 0):
 garbage-first heap   total 107520K, used 50712K [0x0000000080000000, 0x0000000100000000)
  region size 1024K, 3 young (3072K), 3 survivors (3072K)
 Metaspace       used 52348K, committed 52800K, reserved 1097728K
  class space    used 6944K, committed 7168K, reserved 1048576K
}
Event: 9.918 GC heap before
{Heap before GC invocations=20 (full 0):
 garbage-first heap   total 107520K, used 78360K [0x0000000080000000, 0x0000000100000000)
  region size 1024K, 30 young (30720K), 3 survivors (3072K)
 Metaspace       used 54501K, committed 55104K, reserved 1097728K
  class space    used 7278K, committed 7552K, reserved 1048576K
}

