# JRE version: OpenJDK Runtime Environment (17.0.6) (build 17.0.6+0-b2043.56-9586694)
# Java VM: OpenJDK 64-Bit Server VM (17.0.6+0-b2043.56-9586694, mixed mode, tiered, compressed oops, compressed class ptrs, g1 gc, windows-amd64)
GC Precious Log:
 CPUs: 4 total, 4 available
 Memory: 12128M
 Large Page Support: Disabled
 NUMA Support: Disabled
 Compressed Oops: Enabled (32-bit)
 Heap Region Size: 1M
 Heap Min Capacity: 8M
 Heap Initial Capacity: 190M
 Heap Max Capacity: 2G
 Pre-touch: Disabled
 Parallel Workers: 4
 Concurrent Workers: 1
 Concurrent Refinement Workers: 4
 Periodic GC: Disabled
Heap:
 garbage-first heap   total 362496K, used 285391K [0x0000000080000000, 0x0000000100000000)
  region size 1024K, 84 young (86016K), 9 survivors (9216K)
 Metaspace       used 124056K, committed 124928K, reserved 1163264K
  class space    used 16518K, committed 16960K, reserved 1048576K
GC Heap History (20 events):
Event: 132.788 GC heap before
{Heap before GC invocations=62 (full 0):
 garbage-first heap   total 286720K, used 236453K [0x0000000080000000, 0x0000000100000000)
  region size 1024K, 63 young (64512K), 10 survivors (10240K)
 Metaspace       used 114595K, committed 115520K, reserved 1155072K
  class space    used 15149K, committed 15616K, reserved 1048576K
}
Event: 132.824 GC heap after
{Heap after GC invocations=63 (full 0):
 garbage-first heap   total 286720K, used 194560K [0x0000000080000000, 0x0000000100000000)
  region size 1024K, 8 young (8192K), 8 survivors (8192K)
 Metaspace       used 114595K, committed 115520K, reserved 1155072K
  class space    used 15149K, committed 15616K, reserved 1048576K
}
Event: 133.334 GC heap before
{Heap before GC invocations=63 (full 0):
 garbage-first heap   total 286720K, used 237568K [0x0000000080000000, 0x0000000100000000)
  region size 1024K, 50 young (51200K), 8 survivors (8192K)
 Metaspace       used 117737K, committed 118592K, reserved 1155072K
  class space    used 15713K, committed 16128K, reserved 1048576K
}
Event: 133.361 GC heap after
{Heap after GC invocations=64 (full 0):
 garbage-first heap   total 286720K, used 200704K [0x0000000080000000, 0x0000000100000000)
  region size 1024K, 5 young (5120K), 5 survivors (5120K)
 Metaspace       used 117737K, committed 118592K, reserved 1155072K
  class space    used 15713K, committed 16128K, reserved 1048576K
}
Event: 134.010 GC heap before
{Heap before GC invocations=64 (full 0):
 garbage-first heap   total 286720K, used 240640K [0x0000000080000000, 0x0000000100000000)
  region size 1024K, 44 young (45056K), 5 survivors (5120K)
 Metaspace       used 120093K, committed 121024K, reserved 1155072K
  class space    used 16048K, committed 16512K, reserved 1048576K
}
Event: 134.029 GC heap after
{Heap after GC invocations=65 (full 0):
 garbage-first heap   total 286720K, used 203776K [0x0000000080000000, 0x0000000100000000)
  region size 1024K, 3 young (3072K), 3 survivors (3072K)
 Metaspace       used 120093K, committed 121024K, reserved 1155072K
  class space    used 16048K, committed 16512K, reserved 1048576K
}
Event: 134.529 GC heap before
{Heap before GC invocations=65 (full 0):
 garbage-first heap   total 286720K, used 243712K [0x0000000080000000, 0x0000000100000000)
  region size 1024K, 42 young (43008K), 3 survivors (3072K)
 Metaspace       used 120674K, committed 121536K, reserved 1155072K
  class space    used 16092K, committed 16512K, reserved 1048576K
}
Event: 134.537 GC heap after
{Heap after GC invocations=66 (full 0):
 garbage-first heap   total 362496K, used 203400K [0x0000000080000000, 0x0000000100000000)
  region size 1024K, 3 young (3072K), 3 survivors (3072K)
 Metaspace       used 120674K, committed 121536K, reserved 1155072K
  class space    used 16092K, committed 16512K, reserved 1048576K
}
Event: 135.761 GC heap before
{Heap before GC invocations=66 (full 0):
 garbage-first heap   total 362496K, used 292488K [0x0000000080000000, 0x0000000100000000)
  region size 1024K, 91 young (93184K), 3 survivors (3072K)
 Metaspace       used 122614K, committed 123520K, reserved 1163264K
  class space    used 16335K, committed 16768K, reserved 1048576K
}
Event: 135.770 GC heap after
{Heap after GC invocations=67 (full 0):
 garbage-first heap   total 362496K, used 205632K [0x0000000080000000, 0x0000000100000000)
  region size 1024K, 5 young (5120K), 5 survivors (5120K)
 Metaspace       used 122614K, committed 123520K, reserved 1163264K
  class space    used 16335K, committed 16768K, reserved 1048576K
}
Event: 136.540 GC heap before
{Heap before GC invocations=67 (full 0):
 garbage-first heap   total 362496K, used 301888K [0x0000000080000000, 0x0000000100000000)
  region size 1024K, 95 young (97280K), 5 survivors (5120K)
 Metaspace       used 123333K, committed 124288K, reserved 1163264K
  class space    used 16423K, committed 16896K, reserved 1048576K
}
Event: 136.551 GC heap after
{Heap after GC invocations=68 (full 0):
 garbage-first heap   total 362496K, used 209333K [0x0000000080000000, 0x0000000100000000)
  region size 1024K, 6 young (6144K), 6 survivors (6144K)
 Metaspace       used 123333K, committed 124288K, reserved 1163264K
  class space    used 16423K, committed 16896K, reserved 1048576K
}
Event: 137.091 GC heap before
{Heap before GC invocations=68 (full 0):
 garbage-first heap   total 362496K, used 302517K [0x0000000080000000, 0x0000000100000000)
  region size 1024K, 97 young (99328K), 6 survivors (6144K)
 Metaspace       used 123345K, committed 124288K, reserved 1163264K
  class space    used 16427K, committed 16896K, reserved 1048576K
}
Event: 137.100 GC heap after
{Heap after GC invocations=69 (full 0):
 garbage-first heap   total 362496K, used 205824K [0x0000000080000000, 0x0000000100000000)
  region size 1024K, 4 young (4096K), 4 survivors (4096K)
 Metaspace       used 123345K, committed 124288K, reserved 1163264K
  class space    used 16427K, committed 16896K, reserved 1048576K
}
Event: 137.554 GC heap before
{Heap before GC invocations=69 (full 0):
 garbage-first heap   total 362496K, used 306176K [0x0000000080000000, 0x0000000100000000)
  region size 1024K, 102 young (104448K), 4 survivors (4096K)
 Metaspace       used 123356K, committed 124288K, reserved 1163264K
  class space    used 16429K, committed 16896K, reserved 1048576K
}
Event: 137.564 GC heap after
{Heap after GC invocations=70 (full 0):
 garbage-first heap   total 362496K, used 206382K [0x0000000080000000, 0x0000000100000000)
  region size 1024K, 5 young (5120K), 5 survivors (5120K)
 Metaspace       used 123356K, committed 124288K, reserved 1163264K
  class space    used 16429K, committed 16896K, reserved 1048576K
}
Event: 138.194 GC heap before
{Heap before GC invocations=70 (full 0):
 garbage-first heap   total 362496K, used 309806K [0x0000000080000000, 0x0000000100000000)
  region size 1024K, 106 young (108544K), 5 survivors (5120K)
 Metaspace       used 123385K, committed 124352K, reserved 1163264K
  class space    used 16436K, committed 16896K, reserved 1048576K
}
Event: 138.206 GC heap after
{Heap after GC invocations=71 (full 0):
 garbage-first heap   total 362496K, used 207260K [0x0000000080000000, 0x0000000100000000)
  region size 1024K, 6 young (6144K), 6 survivors (6144K)
 Metaspace       used 123385K, committed 124352K, reserved 1163264K
  class space    used 16436K, committed 16896K, reserved 1048576K
}
Event: 139.219 GC heap before
{Heap before GC invocations=71 (full 0):
 garbage-first heap   total 362496K, used 312732K [0x0000000080000000, 0x0000000100000000)
  region size 1024K, 109 young (111616K), 6 survivors (6144K)
 Metaspace       used 123653K, committed 124608K, reserved 1163264K
  class space    used 16510K, committed 16960K, reserved 1048576K
}
Event: 139.233 GC heap after
{Heap after GC invocations=72 (full 0):
 garbage-first heap   total 362496K, used 210639K [0x0000000080000000, 0x0000000100000000)
  region size 1024K, 9 young (9216K), 9 survivors (9216K)
 Metaspace       used 123653K, committed 124608K, reserved 1163264K
  class space    used 16510K, committed 16960K, reserved 1048576K
}

