# JRE version: OpenJDK Runtime Environment (17.0.6) (build 17.0.6+0-b2043.56-9586694)
# Java VM: OpenJDK 64-Bit Server VM (17.0.6+0-b2043.56-9586694, mixed mode, tiered, compressed oops, compressed class ptrs, g1 gc, windows-amd64)
GC Precious Log:
 CPUs: 4 total, 4 available
 Memory: 12128M
 Large Page Support: Disabled
 NUMA Support: Disabled
 Compressed Oops: Enabled (32-bit)
 Heap Region Size: 1M
 Heap Min Capacity: 8M
 Heap Initial Capacity: 190M
 Heap Max Capacity: 2G
 Pre-touch: Disabled
 Parallel Workers: 4
 Concurrent Workers: 1
 Concurrent Refinement Workers: 4
 Periodic GC: Disabled
Heap:
 garbage-first heap   total 194560K, used 80758K [0x0000000080000000, 0x0000000100000000)
  region size 1024K, 6 young (6144K), 6 survivors (6144K)
 Metaspace       used 67985K, committed 68672K, reserved 1114112K
  class space    used 9132K, committed 9472K, reserved 1048576K
GC Heap History (20 events):
Event: 8.498 GC heap after
{Heap after GC invocations=16 (full 0):
 garbage-first heap   total 129024K, used 49857K [0x0000000080000000, 0x0000000100000000)
  region size 1024K, 8 young (8192K), 8 survivors (8192K)
 Metaspace       used 52272K, committed 52800K, reserved 1097728K
  class space    used 6931K, committed 7168K, reserved 1048576K
}
Event: 9.329 GC heap before
{Heap before GC invocations=16 (full 0):
 garbage-first heap   total 129024K, used 94913K [0x0000000080000000, 0x0000000100000000)
  region size 1024K, 52 young (53248K), 8 survivors (8192K)
 Metaspace       used 55476K, committed 56064K, reserved 1105920K
  class space    used 7409K, committed 7680K, reserved 1048576K
}
Event: 9.341 GC heap after
{Heap after GC invocations=17 (full 0):
 garbage-first heap   total 129024K, used 55251K [0x0000000080000000, 0x0000000100000000)
  region size 1024K, 5 young (5120K), 5 survivors (5120K)
 Metaspace       used 55476K, committed 56064K, reserved 1105920K
  class space    used 7409K, committed 7680K, reserved 1048576K
}
Event: 9.970 GC heap before
{Heap before GC invocations=17 (full 0):
 garbage-first heap   total 129024K, used 90067K [0x0000000080000000, 0x0000000100000000)
  region size 1024K, 40 young (40960K), 5 survivors (5120K)
 Metaspace       used 59774K, committed 60416K, reserved 1105920K
  class space    used 8149K, committed 8512K, reserved 1048576K
}
Event: 9.983 GC heap after
{Heap after GC invocations=18 (full 0):
 garbage-first heap   total 129024K, used 60572K [0x0000000080000000, 0x0000000100000000)
  region size 1024K, 5 young (5120K), 5 survivors (5120K)
 Metaspace       used 59774K, committed 60416K, reserved 1105920K
  class space    used 8149K, committed 8512K, reserved 1048576K
}
Event: 10.550 GC heap before
{Heap before GC invocations=19 (full 0):
 garbage-first heap   total 129024K, used 100508K [0x0000000080000000, 0x0000000100000000)
  region size 1024K, 42 young (43008K), 5 survivors (5120K)
 Metaspace       used 62322K, committed 62976K, reserved 1105920K
  class space    used 8370K, committed 8704K, reserved 1048576K
}
Event: 10.562 GC heap after
{Heap after GC invocations=20 (full 0):
 garbage-first heap   total 129024K, used 64376K [0x0000000080000000, 0x0000000100000000)
  region size 1024K, 4 young (4096K), 4 survivors (4096K)
 Metaspace       used 62322K, committed 62976K, reserved 1105920K
  class space    used 8370K, committed 8704K, reserved 1048576K
}
Event: 11.105 GC heap before
{Heap before GC invocations=20 (full 0):
 garbage-first heap   total 129024K, used 101240K [0x0000000080000000, 0x0000000100000000)
  region size 1024K, 40 young (40960K), 4 survivors (4096K)
 Metaspace       used 62637K, committed 63296K, reserved 1105920K
  class space    used 8384K, committed 8704K, reserved 1048576K
}
Event: 11.117 GC heap after
{Heap after GC invocations=21 (full 0):
 garbage-first heap   total 129024K, used 66785K [0x0000000080000000, 0x0000000100000000)
  region size 1024K, 3 young (3072K), 3 survivors (3072K)
 Metaspace       used 62637K, committed 63296K, reserved 1105920K
  class space    used 8384K, committed 8704K, reserved 1048576K
}
Event: 11.681 GC heap before
{Heap before GC invocations=22 (full 0):
 garbage-first heap   total 129024K, used 101601K [0x0000000080000000, 0x0000000100000000)
  region size 1024K, 38 young (38912K), 3 survivors (3072K)
 Metaspace       used 62867K, committed 63552K, reserved 1105920K
  class space    used 8384K, committed 8704K, reserved 1048576K
}
Event: 11.688 GC heap after
{Heap after GC invocations=23 (full 0):
 garbage-first heap   total 129024K, used 68454K [0x0000000080000000, 0x0000000100000000)
  region size 1024K, 4 young (4096K), 4 survivors (4096K)
 Metaspace       used 62867K, committed 63552K, reserved 1105920K
  class space    used 8384K, committed 8704K, reserved 1048576K
}
Event: 11.706 GC heap before
{Heap before GC invocations=23 (full 0):
 garbage-first heap   total 129024K, used 70502K [0x0000000080000000, 0x0000000100000000)
  region size 1024K, 6 young (6144K), 4 survivors (4096K)
 Metaspace       used 62872K, committed 63552K, reserved 1105920K
  class space    used 8384K, committed 8704K, reserved 1048576K
}
Event: 11.714 GC heap after
{Heap after GC invocations=24 (full 0):
 garbage-first heap   total 155648K, used 68569K [0x0000000080000000, 0x0000000100000000)
  region size 1024K, 1 young (1024K), 1 survivors (1024K)
 Metaspace       used 62872K, committed 63552K, reserved 1105920K
  class space    used 8384K, committed 8704K, reserved 1048576K
}
Event: 12.174 GC heap before
{Heap before GC invocations=24 (full 0):
 garbage-first heap   total 155648K, used 123865K [0x0000000080000000, 0x0000000100000000)
  region size 1024K, 55 young (56320K), 1 survivors (1024K)
 Metaspace       used 63240K, committed 63872K, reserved 1105920K
  class space    used 8427K, committed 8768K, reserved 1048576K
}
Event: 12.182 GC heap after
{Heap after GC invocations=25 (full 0):
 garbage-first heap   total 155648K, used 71542K [0x0000000080000000, 0x0000000100000000)
  region size 1024K, 4 young (4096K), 4 survivors (4096K)
 Metaspace       used 63240K, committed 63872K, reserved 1105920K
  class space    used 8427K, committed 8768K, reserved 1048576K
}
Event: 12.794 GC heap before
{Heap before GC invocations=25 (full 0):
 garbage-first heap   total 155648K, used 123766K [0x0000000080000000, 0x0000000100000000)
  region size 1024K, 56 young (57344K), 4 survivors (4096K)
 Metaspace       used 64397K, committed 65024K, reserved 1105920K
  class space    used 8584K, committed 8896K, reserved 1048576K
}
Event: 12.806 GC heap after
{Heap after GC invocations=26 (full 0):
 garbage-first heap   total 155648K, used 74909K [0x0000000080000000, 0x0000000100000000)
  region size 1024K, 7 young (7168K), 7 survivors (7168K)
 Metaspace       used 64397K, committed 65024K, reserved 1105920K
  class space    used 8584K, committed 8896K, reserved 1048576K
}
Event: 13.435 GC heap before
{Heap before GC invocations=26 (full 0):
 garbage-first heap   total 155648K, used 126109K [0x0000000080000000, 0x0000000100000000)
  region size 1024K, 58 young (59392K), 7 survivors (7168K)
 Metaspace       used 66931K, committed 67648K, reserved 1114112K
  class space    used 8989K, committed 9344K, reserved 1048576K
}
Event: 13.448 GC heap after
{Heap after GC invocations=27 (full 0):
 garbage-first heap   total 155648K, used 77919K [0x0000000080000000, 0x0000000100000000)
  region size 1024K, 7 young (7168K), 7 survivors (7168K)
 Metaspace       used 66931K, committed 67648K, reserved 1114112K
  class space    used 8989K, committed 9344K, reserved 1048576K
}
Event: 13.955 GC heap before
{Heap before GC invocations=27 (full 0):
 garbage-first heap   total 155648K, used 127071K [0x0000000080000000, 0x0000000100000000)
  region size 1024K, 56 young (57344K), 7 survivors (7168K)
 Metaspace       used 67985K, committed 68672K, reserved 1114112K
  class space    used 9132K, committed 9472K, reserved 1048576K
}

