# JRE version: OpenJDK Runtime Environment (17.0.6) (build 17.0.6+0-b2043.56-9586694)
# Java VM: OpenJDK 64-Bit Server VM (17.0.6+0-b2043.56-9586694, mixed mode, tiered, compressed oops, compressed class ptrs, g1 gc, windows-amd64)
GC Precious Log:
 CPUs: 4 total, 4 available
 Memory: 12128M
 Large Page Support: Disabled
 NUMA Support: Disabled
 Compressed Oops: Enabled (32-bit)
 Heap Region Size: 1M
 Heap Min Capacity: 8M
 Heap Initial Capacity: 190M
 Heap Max Capacity: 2G
 Pre-touch: Disabled
 Parallel Workers: 4
 Concurrent Workers: 1
 Concurrent Refinement Workers: 4
 Periodic GC: Disabled
Heap:
 garbage-first heap   total 110592K, used 64241K [0x0000000080000000, 0x0000000100000000)
  region size 1024K, 1 young (1024K), 1 survivors (1024K)
 Metaspace       used 62260K, committed 62912K, reserved 1105920K
  class space    used 8375K, committed 8704K, reserved 1048576K
GC Heap History (20 events):
Event: 9.003 GC heap after
{Heap after GC invocations=14 (full 0):
 garbage-first heap   total 78848K, used 40508K [0x0000000080000000, 0x0000000100000000)
  region size 1024K, 3 young (3072K), 3 survivors (3072K)
 Metaspace       used 48823K, committed 49280K, reserved 1097728K
  class space    used 6476K, committed 6656K, reserved 1048576K
}
Event: 9.648 GC heap before
{Heap before GC invocations=15 (full 0):
 garbage-first heap   total 81920K, used 66108K [0x0000000080000000, 0x0000000100000000)
  region size 1024K, 23 young (23552K), 3 survivors (3072K)
 Metaspace       used 49996K, committed 50496K, reserved 1097728K
  class space    used 6651K, committed 6912K, reserved 1048576K
}
Event: 9.654 GC heap after
{Heap after GC invocations=16 (full 0):
 garbage-first heap   total 81920K, used 50244K [0x0000000080000000, 0x0000000100000000)
  region size 1024K, 3 young (3072K), 3 survivors (3072K)
 Metaspace       used 49996K, committed 50496K, reserved 1097728K
  class space    used 6651K, committed 6912K, reserved 1048576K
}
Event: 10.175 GC heap before
{Heap before GC invocations=16 (full 0):
 garbage-first heap   total 81920K, used 64580K [0x0000000080000000, 0x0000000100000000)
  region size 1024K, 18 young (18432K), 3 survivors (3072K)
 Metaspace       used 52468K, committed 52992K, reserved 1097728K
  class space    used 6968K, committed 7232K, reserved 1048576K
}
Event: 10.182 GC heap after
{Heap after GC invocations=17 (full 0):
 garbage-first heap   total 81920K, used 52459K [0x0000000080000000, 0x0000000100000000)
  region size 1024K, 2 young (2048K), 2 survivors (2048K)
 Metaspace       used 52468K, committed 52992K, reserved 1097728K
  class space    used 6968K, committed 7232K, reserved 1048576K
}
Event: 10.607 GC heap before
{Heap before GC invocations=18 (full 0):
 garbage-first heap   total 92160K, used 66795K [0x0000000080000000, 0x0000000100000000)
  region size 1024K, 16 young (16384K), 2 survivors (2048K)
 Metaspace       used 53678K, committed 54208K, reserved 1097728K
  class space    used 7158K, committed 7424K, reserved 1048576K
}
Event: 10.613 GC heap after
{Heap after GC invocations=19 (full 0):
 garbage-first heap   total 92160K, used 53823K [0x0000000080000000, 0x0000000100000000)
  region size 1024K, 2 young (2048K), 2 survivors (2048K)
 Metaspace       used 53678K, committed 54208K, reserved 1097728K
  class space    used 7158K, committed 7424K, reserved 1048576K
}
Event: 10.690 GC heap before
{Heap before GC invocations=19 (full 0):
 garbage-first heap   total 92160K, used 55871K [0x0000000080000000, 0x0000000100000000)
  region size 1024K, 4 young (4096K), 2 survivors (2048K)
 Metaspace       used 53992K, committed 54592K, reserved 1097728K
  class space    used 7191K, committed 7488K, reserved 1048576K
}
Event: 10.694 GC heap after
{Heap after GC invocations=20 (full 0):
 garbage-first heap   total 110592K, used 54030K [0x0000000080000000, 0x0000000100000000)
  region size 1024K, 1 young (1024K), 1 survivors (1024K)
 Metaspace       used 53992K, committed 54592K, reserved 1097728K
  class space    used 7191K, committed 7488K, reserved 1048576K
}
Event: 11.475 GC heap before
{Heap before GC invocations=20 (full 0):
 garbage-first heap   total 110592K, used 81678K [0x0000000080000000, 0x0000000100000000)
  region size 1024K, 28 young (28672K), 1 survivors (1024K)
 Metaspace       used 55615K, committed 56256K, reserved 1097728K
  class space    used 7447K, committed 7744K, reserved 1048576K
}
Event: 11.481 GC heap after
{Heap after GC invocations=21 (full 0):
 garbage-first heap   total 110592K, used 56836K [0x0000000080000000, 0x0000000100000000)
  region size 1024K, 3 young (3072K), 3 survivors (3072K)
 Metaspace       used 55615K, committed 56256K, reserved 1097728K
  class space    used 7447K, committed 7744K, reserved 1048576K
}
Event: 12.309 GC heap before
{Heap before GC invocations=22 (full 0):
 garbage-first heap   total 110592K, used 83460K [0x0000000080000000, 0x0000000100000000)
  region size 1024K, 30 young (30720K), 3 survivors (3072K)
 Metaspace       used 59457K, committed 60160K, reserved 1105920K
  class space    used 8104K, committed 8448K, reserved 1048576K
}
Event: 12.320 GC heap after
{Heap after GC invocations=23 (full 0):
 garbage-first heap   total 110592K, used 60861K [0x0000000080000000, 0x0000000100000000)
  region size 1024K, 4 young (4096K), 4 survivors (4096K)
 Metaspace       used 59457K, committed 60160K, reserved 1105920K
  class space    used 8104K, committed 8448K, reserved 1048576K
}
Event: 12.340 GC heap before
{Heap before GC invocations=23 (full 0):
 garbage-first heap   total 110592K, used 61885K [0x0000000080000000, 0x0000000100000000)
  region size 1024K, 5 young (5120K), 4 survivors (4096K)
 Metaspace       used 59551K, committed 60224K, reserved 1105920K
  class space    used 8122K, committed 8448K, reserved 1048576K
}
Event: 12.345 GC heap after
{Heap after GC invocations=24 (full 0):
 garbage-first heap   total 110592K, used 60956K [0x0000000080000000, 0x0000000100000000)
  region size 1024K, 1 young (1024K), 1 survivors (1024K)
 Metaspace       used 59551K, committed 60224K, reserved 1105920K
  class space    used 8122K, committed 8448K, reserved 1048576K
}
Event: 12.388 GC heap before
{Heap before GC invocations=24 (full 0):
 garbage-first heap   total 110592K, used 67100K [0x0000000080000000, 0x0000000100000000)
  region size 1024K, 8 young (8192K), 1 survivors (1024K)
 Metaspace       used 59632K, committed 60288K, reserved 1105920K
  class space    used 8137K, committed 8448K, reserved 1048576K
}
Event: 12.392 GC heap after
{Heap after GC invocations=25 (full 0):
 garbage-first heap   total 110592K, used 61168K [0x0000000080000000, 0x0000000100000000)
  region size 1024K, 1 young (1024K), 1 survivors (1024K)
 Metaspace       used 59632K, committed 60288K, reserved 1105920K
  class space    used 8137K, committed 8448K, reserved 1048576K
}
Event: 13.334 GC heap before
{Heap before GC invocations=26 (full 0):
 garbage-first heap   total 110592K, used 89840K [0x0000000080000000, 0x0000000100000000)
  region size 1024K, 26 young (26624K), 1 survivors (1024K)
 Metaspace       used 62259K, committed 62912K, reserved 1105920K
  class space    used 8375K, committed 8704K, reserved 1048576K
}
Event: 13.346 GC heap after
{Heap after GC invocations=27 (full 0):
 garbage-first heap   total 110592K, used 64275K [0x0000000080000000, 0x0000000100000000)
  region size 1024K, 4 young (4096K), 4 survivors (4096K)
 Metaspace       used 62259K, committed 62912K, reserved 1105920K
  class space    used 8375K, committed 8704K, reserved 1048576K
}
Event: 13.369 GC heap before
{Heap before GC invocations=27 (full 0):
 garbage-first heap   total 110592K, used 64275K [0x0000000080000000, 0x0000000100000000)
  region size 1024K, 5 young (5120K), 4 survivors (4096K)
 Metaspace       used 62260K, committed 62912K, reserved 1105920K
  class space    used 8375K, committed 8704K, reserved 1048576K
}

